0 info it worked if it ends with ok
1 verbose cli [ 'C:\\Program Files\\nodejs\\node.exe',
1 verbose cli   'C:\\Program Files\\nodejs\\node_modules\\npm\\bin\\npm-cli.js',
1 verbose cli   't' ]
2 info using npm@3.10.10
3 info using node@v6.11.1
4 verbose run-script [ 'pretest', 'test', 'posttest' ]
5 info lifecycle ttracker@0.1.0~pretest: ttracker@0.1.0
6 silly lifecycle ttracker@0.1.0~pretest: no script for pretest, continuing
7 info lifecycle ttracker@0.1.0~test: ttracker@0.1.0
8 verbose lifecycle ttracker@0.1.0~test: unsafe-perm in lifecycle true
9 verbose lifecycle ttracker@0.1.0~test: PATH: C:\Program Files\nodejs\node_modules\npm\bin\node-gyp-bin;C:\repository\ttracker\node_modules\.bin;C:\Users\bedussif\bin;C:\Program Files\Git\mingw64\bin;C:\Program Files\Git\usr\local\bin;C:\Program Files\Git\usr\bin;C:\Program Files\Git\usr\bin;C:\Program Files\Git\cmd;C:\Users\bedussif\Documents\cmder_mini\vendor\conemu-maximus5\ConEmu\Scripts;C:\Users\bedussif\Documents\cmder_mini\vendor\conemu-maximus5;C:\Users\bedussif\Documents\cmder_mini\vendor\conemu-maximus5\ConEmu;C:\ProgramData\Oracle\Java\javapath;C:\Program Files (x86)\Intel\iCLS Client;C:\Program Files\Intel\iCLS Client;C:\Windows\system32;C:\Windows;C:\Windows\System32\Wbem;C:\Windows\System32\WindowsPowerShell\v1.0;C:\Program Files\Intel\Intel(R) Management Engine Components\DAL;C:\Program Files (x86)\Intel\Intel(R) Management Engine Components\DAL;C:\Program Files\Intel\Intel(R) Management Engine Components\IPT;C:\Program Files (x86)\Intel\Intel(R) Management Engine Components\IPT;C:\Program Files (x86)\Windows Kits\8.1\Windows Performance Toolkit;C:\Program Files\Microsoft SQL Server\110\Tools\Binn;C:\Program Files (x86)\Microsoft SDKs\TypeScript\1.0;C:\Program Files\Microsoft SQL Server\120\Tools\Binn;C:\Program Files (x86)\Calibre2;C:\Program Files\TortoiseHg;C:\wamp64\bin\php\php5.6.25;C:\ProgramData\ComposerSetup\bin;C:\xampp\php;C:\ProgramData\chocolatey\bin;C:\Program Files\Java\jdk1.8.0_131\bin;C:\Program Files (x86)\Yarn\bin;C:\Program Files\nodejs;C:\Program Files\Git\cmd;C:\Program Files\TortoiseGit\bin;C:\Program Files (x86)\GtkSharp\2.12\bin;C:\Program Files (x86)\GitExtensions;C:\Program Files\Microsoft SQL Server\130\Tools\Binn;C:\Program Files\dotnet;C:\Ruby23-x64\bin;C:\Users\bedussif\AppData\Local\Programs\Python\Python35;C:\Users\bedussif\AppData\Local\Programs\Python\Python35\Lib\site-packages\PyQt4;C:\Users\bedussif\AppData\Roaming\Composer\vendor\bin;C:\Users\bedussif\AppData\Local\Yarn\bin;C:\Program Files\Docker Toolbox;C:\Users\bedussif\AppData\Local\Programs\Python\Python35\Scripts;C:\Users\bedussif\AppData\Local\now-cli;C:\Users\bedussif\AppData\Roaming\npm;C:\Program Files\Microsoft VS Code\bin;C:\Users\bedussif\AppData\Local\Programs\Fiddler;C:\Program Files\Git\usr\bin\vendor_perl;C:\Program Files\Git\usr\bin\core_perl
10 verbose lifecycle ttracker@0.1.0~test: CWD: C:\repository\ttracker
11 silly lifecycle ttracker@0.1.0~test: Args: [ '/d /s /c', 'react-scripts test --env=jsdom' ]
12 silly lifecycle ttracker@0.1.0~test: Returned: code: 3221225786  signal: null
13 info lifecycle ttracker@0.1.0~test: Failed to exec test script
14 error Test failed.  See above for more details.
15 verbose exit [ 1, true ]
16 verbose stack Error: kill ENOSYS
16 verbose stack     at exports._errnoException (util.js:1018:11)
16 verbose stack     at process.kill (internal/process.js:190:13)
16 verbose stack     at process.listener (C:\Program Files\nodejs\node_modules\npm\node_modules\npmlog\node_modules\gauge\node_modules\signal-exit\index.js:86:15)
16 verbose stack     at emitNone (events.js:91:20)
16 verbose stack     at process.emit (events.js:185:7)
16 verbose stack     at processEmit (C:\Program Files\nodejs\node_modules\npm\node_modules\npmlog\node_modules\gauge\node_modules\signal-exit\index.js:146:32)
16 verbose stack     at processEmit (C:\Program Files\nodejs\node_modules\npm\node_modules\npm-registry-client\node_modules\npmlog\node_modules\gauge\node_modules\signal-exit\index.js:146:32)
16 verbose stack     at Signal.wrap.onsignal (internal/process.js:217:44)
17 verbose cwd C:\repository\ttracker
18 error Windows_NT 6.3.9600
19 error argv "C:\\Program Files\\nodejs\\node.exe" "C:\\Program Files\\nodejs\\node_modules\\npm\\bin\\npm-cli.js" "t"
20 error node v6.11.1
21 error npm  v3.10.10
22 error code ENOSYS
23 error errno ENOSYS
24 error syscall kill
25 error kill ENOSYS
26 error If you need help, you may report this error at:
26 error     <https://github.com/npm/npm/issues>
27 verbose exit [ 1, true ]
